# JRE version: OpenJDK Runtime Environment (8.0_282-b08) (build 1.8.0_282-b08)
# Java VM: OpenJDK 64-Bit Server VM (25.282-b08 mixed mode windows-amd64 compressed oops)
Heap:
 PSYoungGen      total 131072K, used 22992K [0x00000000f5580000, 0x0000000100000000, 0x0000000100000000)
  eden space 99840K, 0% used [0x00000000f5580000,0x00000000f5580000,0x00000000fb700000)
  from space 31232K, 73% used [0x00000000fe180000,0x00000000ff7f4020,0x0000000100000000)
  to   space 37376K, 0% used [0x00000000fb700000,0x00000000fb700000,0x00000000fdb80000)
 ParOldGen       total 294912K, used 287979K [0x00000000e0000000, 0x00000000f2000000, 0x00000000f5580000)
  object space 294912K, 97% used [0x00000000e0000000,0x00000000f193adf0,0x00000000f2000000)
 Metaspace       used 91961K, capacity 100739K, committed 100864K, reserved 1134592K
  class space    used 12419K, capacity 14813K, committed 14848K, reserved 1048576K
GC Heap History (10 events):
Event: 332.833 GC heap after
Heap after GC invocations=46 (full 4):
 PSYoungGen      total 142848K, used 14552K [0x00000000f5580000, 0x00000000ffe00000, 0x0000000100000000)
  eden space 115200K, 0% used [0x00000000f5580000,0x00000000f5580000,0x00000000fc600000)
  from space 27648K, 52% used [0x00000000fe300000,0x00000000ff136050,0x00000000ffe00000)
  to   space 28672K, 0% used [0x00000000fc600000,0x00000000fc600000,0x00000000fe200000)
 ParOldGen       total 294912K, used 242178K [0x00000000e0000000, 0x00000000f2000000, 0x00000000f5580000)
  object space 294912K, 82% used [0x00000000e0000000,0x00000000eec80b08,0x00000000f2000000)
 Metaspace       used 91213K, capacity 99895K, committed 100096K, reserved 1134592K
  class space    used 12407K, capacity 14797K, committed 14848K, reserved 1048576K
}
Event: 333.955 GC heap before
{Heap before GC invocations=47 (full 4):
 PSYoungGen      total 142848K, used 129752K [0x00000000f5580000, 0x00000000ffe00000, 0x0000000100000000)
  eden space 115200K, 100% used [0x00000000f5580000,0x00000000fc600000,0x00000000fc600000)
  from space 27648K, 52% used [0x00000000fe300000,0x00000000ff136050,0x00000000ffe00000)
  to   space 28672K, 0% used [0x00000000fc600000,0x00000000fc600000,0x00000000fe200000)
 ParOldGen       total 294912K, used 242178K [0x00000000e0000000, 0x00000000f2000000, 0x00000000f5580000)
  object space 294912K, 82% used [0x00000000e0000000,0x00000000eec80b08,0x00000000f2000000)
 Metaspace       used 91304K, capacity 100023K, committed 100352K, reserved 1134592K
  class space    used 12407K, capacity 14797K, committed 14848K, reserved 1048576K
Event: 334.003 GC heap after
Heap after GC invocations=47 (full 4):
 PSYoungGen      total 138752K, used 23296K [0x00000000f5580000, 0x0000000100000000, 0x0000000100000000)
  eden space 115200K, 0% used [0x00000000f5580000,0x00000000f5580000,0x00000000fc600000)
  from space 23552K, 98% used [0x00000000fc600000,0x00000000fdcc0020,0x00000000fdd00000)
  to   space 31232K, 0% used [0x00000000fe180000,0x00000000fe180000,0x0000000100000000)
 ParOldGen       total 294912K, used 250746K [0x00000000e0000000, 0x00000000f2000000, 0x00000000f5580000)
  object space 294912K, 85% used [0x00000000e0000000,0x00000000ef4deb48,0x00000000f2000000)
 Metaspace       used 91304K, capacity 100023K, committed 100352K, reserved 1134592K
  class space    used 12407K, capacity 14797K, committed 14848K, reserved 1048576K
}
Event: 361.210 GC heap before
{Heap before GC invocations=48 (full 4):
 PSYoungGen      total 138752K, used 138496K [0x00000000f5580000, 0x0000000100000000, 0x0000000100000000)
  eden space 115200K, 100% used [0x00000000f5580000,0x00000000fc600000,0x00000000fc600000)
  from space 23552K, 98% used [0x00000000fc600000,0x00000000fdcc0020,0x00000000fdd00000)
  to   space 31232K, 0% used [0x00000000fe180000,0x00000000fe180000,0x0000000100000000)
 ParOldGen       total 294912K, used 250746K [0x00000000e0000000, 0x00000000f2000000, 0x00000000f5580000)
  object space 294912K, 85% used [0x00000000e0000000,0x00000000ef4deb48,0x00000000f2000000)
 Metaspace       used 91402K, capacity 100155K, committed 100352K, reserved 1134592K
  class space    used 12413K, capacity 14807K, committed 14848K, reserved 1048576K
Event: 361.241 GC heap after
Heap after GC invocations=48 (full 4):
 PSYoungGen      total 144384K, used 15760K [0x00000000f5580000, 0x0000000100000000, 0x0000000100000000)
  eden space 113152K, 0% used [0x00000000f5580000,0x00000000f5580000,0x00000000fc400000)
  from space 31232K, 50% used [0x00000000fe180000,0x00000000ff0e4010,0x0000000100000000)
  to   space 30208K, 0% used [0x00000000fc400000,0x00000000fc400000,0x00000000fe180000)
 ParOldGen       total 294912K, used 251474K [0x00000000e0000000, 0x00000000f2000000, 0x00000000f5580000)
  object space 294912K, 85% used [0x00000000e0000000,0x00000000ef594b58,0x00000000f2000000)
 Metaspace       used 91402K, capacity 100155K, committed 100352K, reserved 1134592K
  class space    used 12413K, capacity 14807K, committed 14848K, reserved 1048576K
}
Event: 362.458 GC heap before
{Heap before GC invocations=49 (full 4):
 PSYoungGen      total 144384K, used 128912K [0x00000000f5580000, 0x0000000100000000, 0x0000000100000000)
  eden space 113152K, 100% used [0x00000000f5580000,0x00000000fc400000,0x00000000fc400000)
  from space 31232K, 50% used [0x00000000fe180000,0x00000000ff0e4010,0x0000000100000000)
  to   space 30208K, 0% used [0x00000000fc400000,0x00000000fc400000,0x00000000fe180000)
 ParOldGen       total 294912K, used 251474K [0x00000000e0000000, 0x00000000f2000000, 0x00000000f5580000)
  object space 294912K, 85% used [0x00000000e0000000,0x00000000ef594b58,0x00000000f2000000)
 Metaspace       used 91763K, capacity 100647K, committed 100864K, reserved 1134592K
  class space    used 12417K, capacity 14809K, committed 14848K, reserved 1048576K
Event: 362.491 GC heap after
Heap after GC invocations=49 (full 4):
 PSYoungGen      total 143360K, used 30176K [0x00000000f5580000, 0x0000000100000000, 0x0000000100000000)
  eden space 113152K, 0% used [0x00000000f5580000,0x00000000f5580000,0x00000000fc400000)
  from space 30208K, 99% used [0x00000000fc400000,0x00000000fe178010,0x00000000fe180000)
  to   space 31232K, 0% used [0x00000000fe180000,0x00000000fe180000,0x0000000100000000)
 ParOldGen       total 294912K, used 257930K [0x00000000e0000000, 0x00000000f2000000, 0x00000000f5580000)
  object space 294912K, 87% used [0x00000000e0000000,0x00000000efbe2b98,0x00000000f2000000)
 Metaspace       used 91763K, capacity 100647K, committed 100864K, reserved 1134592K
  class space    used 12417K, capacity 14809K, committed 14848K, reserved 1048576K
}
Event: 363.503 GC heap before
{Heap before GC invocations=50 (full 4):
 PSYoungGen      total 143360K, used 143328K [0x00000000f5580000, 0x0000000100000000, 0x0000000100000000)
  eden space 113152K, 100% used [0x00000000f5580000,0x00000000fc400000,0x00000000fc400000)
  from space 30208K, 99% used [0x00000000fc400000,0x00000000fe178010,0x00000000fe180000)
  to   space 31232K, 0% used [0x00000000fe180000,0x00000000fe180000,0x0000000100000000)
 ParOldGen       total 294912K, used 257930K [0x00000000e0000000, 0x00000000f2000000, 0x00000000f5580000)
  object space 294912K, 87% used [0x00000000e0000000,0x00000000efbe2b98,0x00000000f2000000)
 Metaspace       used 91961K, capacity 100739K, committed 100864K, reserved 1134592K
  class space    used 12419K, capacity 14813K, committed 14848K, reserved 1048576K
Event: 363.537 GC heap after
Heap after GC invocations=50 (full 4):
 PSYoungGen      total 131072K, used 22992K [0x00000000f5580000, 0x0000000100000000, 0x0000000100000000)
  eden space 99840K, 0% used [0x00000000f5580000,0x00000000f5580000,0x00000000fb700000)
  from space 31232K, 73% used [0x00000000fe180000,0x00000000ff7f4020,0x0000000100000000)
  to   space 37376K, 0% used [0x00000000fb700000,0x00000000fb700000,0x00000000fdb80000)
 ParOldGen       total 294912K, used 287979K [0x00000000e0000000, 0x00000000f2000000, 0x00000000f5580000)
  object space 294912K, 97% used [0x00000000e0000000,0x00000000f193adf0,0x00000000f2000000)
 Metaspace       used 91961K, capacity 100739K, committed 100864K, reserved 1134592K
  class space    used 12419K, capacity 14813K, committed 14848K, reserved 1048576K
}
Event: 363.537 GC heap before
{Heap before GC invocations=51 (full 5):
 PSYoungGen      total 131072K, used 22992K [0x00000000f5580000, 0x0000000100000000, 0x0000000100000000)
  eden space 99840K, 0% used [0x00000000f5580000,0x00000000f5580000,0x00000000fb700000)
  from space 31232K, 73% used [0x00000000fe180000,0x00000000ff7f4020,0x0000000100000000)
  to   space 37376K, 0% used [0x00000000fb700000,0x00000000fb700000,0x00000000fdb80000)
 ParOldGen       total 294912K, used 287979K [0x00000000e0000000, 0x00000000f2000000, 0x00000000f5580000)
  object space 294912K, 97% used [0x00000000e0000000,0x00000000f193adf0,0x00000000f2000000)
 Metaspace       used 91961K, capacity 100739K, committed 100864K, reserved 1134592K
  class space    used 12419K, capacity 14813K, committed 14848K, reserved 1048576K

